Unity Editor version:    2022.3.2f1 (d74737c6db50)
Branch:                  2022.3/staging
Build type:              Release
Batch mode:              YES
macOS version:           Version 12.1 (Build 21C52)
Darwin version:          21.2.0
Architecture:            x86_64
Running under Rosetta:   NO
Available memory:        8192 MB
Using pre-set license
Pro License: YES

COMMAND LINE ARGUMENTS:
/Applications/Unity/Hub/Editor/2022.3.2f1/Unity.app/Contents/MacOS/Unity
-adb2
-batchMode
-noUpm
-name
AssetImportWorker0
-projectPath
/Users/rafiulhoque/ProjectsForUnity/GameCollab/Untitled/GameCollab
-logFile
Logs/AssetImportWorker0.log
-srvPort
51997
Successfully changed project path to: /Users/rafiulhoque/ProjectsForUnity/GameCollab/Untitled/GameCollab
/Users/rafiulhoque/ProjectsForUnity/GameCollab/Untitled/GameCollab
[UnityMemory] Configuration Parameters - Can be set up in boot.config
    "memorysetup-bucket-allocator-granularity=16"
    "memorysetup-bucket-allocator-bucket-count=8"
    "memorysetup-bucket-allocator-block-size=33554432"
    "memorysetup-bucket-allocator-block-count=8"
    "memorysetup-main-allocator-block-size=16777216"
    "memorysetup-thread-allocator-block-size=16777216"
    "memorysetup-gfx-main-allocator-block-size=16777216"
    "memorysetup-gfx-thread-allocator-block-size=16777216"
    "memorysetup-cache-allocator-block-size=4194304"
    "memorysetup-typetree-allocator-block-size=2097152"
    "memorysetup-profiler-bucket-allocator-granularity=16"
    "memorysetup-profiler-bucket-allocator-bucket-count=8"
    "memorysetup-profiler-bucket-allocator-block-size=33554432"
    "memorysetup-profiler-bucket-allocator-block-count=8"
    "memorysetup-profiler-allocator-block-size=16777216"
    "memorysetup-profiler-editor-allocator-block-size=1048576"
    "memorysetup-temp-allocator-size-main=16777216"
    "memorysetup-job-temp-allocator-block-size=2097152"
    "memorysetup-job-temp-allocator-block-size-background=1048576"
    "memorysetup-job-temp-allocator-reduction-small-platforms=262144"
    "memorysetup-allocator-temp-initial-block-size-main=262144"
    "memorysetup-allocator-temp-initial-block-size-worker=262144"
    "memorysetup-temp-allocator-size-background-worker=32768"
    "memorysetup-temp-allocator-size-job-worker=262144"
    "memorysetup-temp-allocator-size-preload-manager=33554432"
    "memorysetup-temp-allocator-size-nav-mesh-worker=65536"
    "memorysetup-temp-allocator-size-audio-worker=65536"
    "memorysetup-temp-allocator-size-cloud-worker=32768"
    "memorysetup-temp-allocator-size-gi-baking-worker=262144"
    "memorysetup-temp-allocator-size-gfx=262144"
Player connection [4651865600] Host "[IP] 192.168.1.111 [Port] 0 [Flags] 2 [Guid] 801441673 [EditorId] 801441673 [Version] 1048832 [Id] OSXEditor(0,apples-Air.broadband) [Debug] 1 [PackageName] OSXEditor [ProjectName] Editor" joined multi-casting on [225.0.0.222:54997]...

Player connection [4651865600] Host "[IP] 192.168.1.111 [Port] 0 [Flags] 2 [Guid] 801441673 [EditorId] 801441673 [Version] 1048832 [Id] OSXEditor(0,apples-Air.broadband) [Debug] 1 [PackageName] OSXEditor [ProjectName] Editor" joined alternative multi-casting on [225.0.0.222:34997]...

Refreshing native plugins compatible for Editor in 18.24 ms, found 3 plugins.
Preloading 0 native plugins for Editor in 0.00 ms.
Initialize engine version: 2022.3.2f1 (d74737c6db50)
[Subsystems] Discovering subsystems at path /Applications/Unity/Hub/Editor/2022.3.2f1/Unity.app/Contents/Resources/UnitySubsystems
[Subsystems] Discovering subsystems at path /Users/rafiulhoque/ProjectsForUnity/GameCollab/Untitled/GameCollab/Assets
GfxDevice: creating device client; threaded=0; jobified=0
Color LCD preferred device: Intel(R) Iris(TM) Graphics 6000 (low power)
Metal devices available: 1
0: Intel(R) Iris(TM) Graphics 6000 (low power)
Using device Intel(R) Iris(TM) Graphics 6000 (low power)
Initializing Metal device caps: Intel(R) Iris(TM) Graphics 6000
Initialize mono
Mono path[0] = '/Applications/Unity/Hub/Editor/2022.3.2f1/Unity.app/Contents/Managed'
Mono path[1] = '/Applications/Unity/Hub/Editor/2022.3.2f1/Unity.app/Contents/MonoBleedingEdge/lib/mono/unityjit-macos'
Mono config path = '/Applications/Unity/Hub/Editor/2022.3.2f1/Unity.app/Contents/MonoBleedingEdge/etc'
Using monoOptions --debugger-agent=transport=dt_socket,embedding=1,server=y,suspend=n,address=127.0.0.1:56354
Begin MonoManager ReloadAssembly
Registering precompiled unity dll's ...
Register platform support module: /Applications/Unity/Hub/Editor/2022.3.2f1/PlaybackEngines/WebGLSupport/UnityEditor.WebGL.Extensions.dll
Register platform support module: /Applications/Unity/Hub/Editor/2022.3.2f1/Unity.app/Contents/PlaybackEngines/MacStandaloneSupport/UnityEditor.OSXStandalone.Extensions.dll
Registered in 0.009230 seconds.
- Loaded All Assemblies, in  0.974 seconds
Native extension for OSXStandalone target not found
Native extension for WebGL target not found
Mono: successfully reloaded assembly
- Finished resetting the current domain, in  0.675 seconds
Domain Reload Profiling: 1648ms
	BeginReloadAssembly (278ms)
		ExecutionOrderSort (0ms)
		DisableScriptedObjects (0ms)
		BackupInstance (0ms)
		ReleaseScriptingObjects (0ms)
		CreateAndSetChildDomain (1ms)
	RebuildCommonClasses (113ms)
	RebuildNativeTypeToScriptingClass (29ms)
	initialDomainReloadingComplete (139ms)
	LoadAllAssembliesAndSetupDomain (415ms)
		LoadAssemblies (283ms)
		RebuildTransferFunctionScriptingTraits (0ms)
		AnalyzeDomain (402ms)
			TypeCache.Refresh (400ms)
				TypeCache.ScanAssembly (372ms)
			ScanForSourceGeneratedMonoScriptInfo (1ms)
			ResolveRequiredComponents (1ms)
	FinalizeReload (675ms)
		ReleaseScriptCaches (0ms)
		RebuildScriptCaches (0ms)
		SetupLoadedEditorAssemblies (504ms)
			LogAssemblyErrors (0ms)
			InitializePlatformSupportModulesInManaged (19ms)
			SetLoadedEditorAssemblies (16ms)
			RefreshPlugins (0ms)
			BeforeProcessingInitializeOnLoad (7ms)
			ProcessInitializeOnLoadAttributes (354ms)
			ProcessInitializeOnLoadMethodAttributes (107ms)
			AfterProcessingInitializeOnLoad (0ms)
			EditorAssembliesLoaded (0ms)
		ExecutionOrderSort2 (0ms)
		AwakeInstancesAfterBackupRestoration (0ms)
========================================================================
Worker process is ready to serve import requests
Begin MonoManager ReloadAssembly
- Loaded All Assemblies, in  1.509 seconds
Refreshing native plugins compatible for Editor in 1.71 ms, found 3 plugins.
Native extension for OSXStandalone target not found
Native extension for WebGL target not found
Mono: successfully reloaded assembly
- Finished resetting the current domain, in  1.104 seconds
Domain Reload Profiling: 2614ms
	BeginReloadAssembly (298ms)
		ExecutionOrderSort (0ms)
		DisableScriptedObjects (14ms)
		BackupInstance (0ms)
		ReleaseScriptingObjects (0ms)
		CreateAndSetChildDomain (70ms)
	RebuildCommonClasses (104ms)
	RebuildNativeTypeToScriptingClass (29ms)
	initialDomainReloadingComplete (95ms)
	LoadAllAssembliesAndSetupDomain (982ms)
		LoadAssemblies (506ms)
		RebuildTransferFunctionScriptingTraits (0ms)
		AnalyzeDomain (602ms)
			TypeCache.Refresh (575ms)
				TypeCache.ScanAssembly (548ms)
			ScanForSourceGeneratedMonoScriptInfo (19ms)
			ResolveRequiredComponents (8ms)
	FinalizeReload (1105ms)
		ReleaseScriptCaches (0ms)
		RebuildScriptCaches (0ms)
		SetupLoadedEditorAssemblies (808ms)
			LogAssemblyErrors (0ms)
			InitializePlatformSupportModulesInManaged (12ms)
			SetLoadedEditorAssemblies (7ms)
			RefreshPlugins (0ms)
			BeforeProcessingInitializeOnLoad (88ms)
			ProcessInitializeOnLoadAttributes (653ms)
			ProcessInitializeOnLoadMethodAttributes (44ms)
			AfterProcessingInitializeOnLoad (4ms)
			EditorAssembliesLoaded (0ms)
		ExecutionOrderSort2 (0ms)
		AwakeInstancesAfterBackupRestoration (9ms)
Failed to load shader (instanceID 442, GUID 67f9497810829eb4791ec19e95781e51)
Failed to load shader (instanceID 444, GUID f997a3dc9254c44459323cced085150c)
Failed to load shader (instanceID 406, GUID e8ce9961912f3214586fe8709b9012c1)
Failed to load shader (instanceID 424, GUID 382151503e2a43a4ebb7366d1632731d)
Failed to load shader (instanceID 430, GUID f7ea35cfb33fcad4ab8f2429ec103bef)
Failed to load shader (instanceID 440, GUID d7640629310e79646af0f46eb55ae466)
Failed to load shader (instanceID 432, GUID 3020ac7ece79a7f4eb789a236f8bd6c5)
Failed to load shader (instanceID 464, GUID 5bb6ef6f3e1b20348b4fdb01e4c404e2)
Failed to load shader (instanceID 450, GUID 9700ad97272d0dc4587c6882edb94130)
Failed to load shader (instanceID 446, GUID fe144c7e314047f4bb779d555c5405ac)
Failed to load shader (instanceID 470, GUID 9c442dc870b456e48b615cd8add0e9ef)
Failed to load shader (instanceID 422, GUID 34a819c9e33402547a81619693adc8d5)
Failed to load shader (instanceID 468, GUID 0a97d971fb4e03f41b27d50d0e59b7a5)
Failed to load shader (instanceID 412, GUID f75014305794b3948a3c6d5ccd550e05)
Failed to load shader (instanceID 404, GUID 02d2da9bc88d25c4d878c1ed4e0b3854)
Failed to load shader (instanceID 454, GUID 47076bc6b042d8845afcc738ee629c80)
Failed to load shader (instanceID 436, GUID b958ad1c92bd3d64c9e61318b8681dab)
Failed to load shader (instanceID 460, GUID e4e5d566a8aa9914c906555a6857fcb9)
Failed to load shader (instanceID 428, GUID b34a29e523cb9d545881e193a079f2df)
Failed to load shader (instanceID 426, GUID 7ad194cbe7d006f4bace915156972026)
Failed to load shader (instanceID 414, GUID 0d8afcb51cc9f0349a6d190da929b838)
Failed to load shader (instanceID 452, GUID bf797226bad40c94c8fa7156bd431165)
Failed to load shader (instanceID 416, GUID 2c459b89a7c8b1a4fbefe0d81341651c)
Failed to load shader (instanceID 410, GUID 0ef78d24e85a44f4da9d5b5eaa00e50b)
Failed to load shader (instanceID 408, GUID 5ab0816423f0dfe45841cab3b05ec9ef)
Failed to load shader (instanceID 462, GUID 2b42744b37cbc484fa70d7767d36747d)
Failed to load shader (instanceID 400, GUID cdbdb71de5f9c454b980f6d0e87f0afb)
Failed to load shader (instanceID 456, GUID 27b3c3eacdc894cc1bb7c498c451d9ef)
Failed to load shader (instanceID 402, GUID 4bf4cff0d0bac3d43894e2e8839feb40)
Failed to load shader (instanceID 420, GUID 81af42a93ade3dd46a9b583d4eec76d6)
Failed to load shader (instanceID 434, GUID a71093f2a4fe26a40805c22739e10e4a)
Failed to load shader (instanceID 398, GUID c1e1d3119c6fd4646aea0b4b74cacc1a)
Failed to load shader (instanceID 466, GUID 1e48dcc6629339d438e7c701fa87866d)
Failed to load shader (instanceID 438, GUID 4117fce9491711c4094d33a048e36e73)
Failed to load shader (instanceID 458, GUID 24232f5f40aada14995712e173fc8bd7)
Failed to load shader (instanceID 418, GUID 51bcf79c50dc92e47ba87821b61100c3)
Failed to load shader (instanceID 448, GUID de7f3ac52268a194383c7d62c2a343c1)
Launching external process: /Applications/Unity/Hub/Editor/2022.3.2f1/Unity.app/Contents/Tools/UnityShaderCompiler
Launched and connected shader compiler UnityShaderCompiler after 0.16 seconds
Refreshing native plugins compatible for Editor in 2.67 ms, found 3 plugins.
Preloading 0 native plugins for Editor in 0.00 ms.
Unloading 29 Unused Serialized files (Serialized files now loaded: 0)
Unloading 3 unused Assets / (46.0 KB). Loaded Objects now: 521.
Memory consumption went from 156.2 MB to 156.2 MB.
Total: 4.177990 ms (FindLiveObjects: 0.058738 ms CreateObjectMapping: 0.007099 ms MarkObjects: 4.020348 ms  DeleteObjects: 0.090270 ms)

AssetImportParameters requested are different than current active one (requested -> active):
  custom:video-decoder-webm-vp8: 9c59270c3fd7afecdb556c50c9e8de78 -> 
  custom:container-demuxer-ogg: 62fdf1f143b41e24485cea50d1cbac27 -> 
  custom:AudioImporter_EditorPlatform: 3918e3fc78b5a79bad01e8451be0beb8 -> 
  custom:video-decoder-ogg-theora: a1e56fd34408186e4bbccfd4996cb3dc -> 
  custom:framework-osx-AVFoundation: e770b220cccbd017edd2c1fefb359320 -> 
  custom:video-encoder-webm-vp8: eb34c28f22e8b96e1ab97ce403110664 -> 
  custom:audio-decoder-ogg-vorbis: bf7c407c2cedff20999df2af8eb42d56 -> 
  custom:container-demuxer-webm: 4f35f7cbe854078d1ac9338744f61a02 -> 
  custom:audio-encoder-webm-vorbis: bf7c407c2cedff20999df2af8eb42d56 -> 
  custom:container-muxer-webm: aa71ff27fc2769a1b78a27578f13a17b -> 
========================================================================
Received Import Request.
  Time since last request: 5189.319372 seconds.
  path: Assets/Bow and Arrow Model.blend
  artifactKey: Guid(f07314f739673446587f30d3f56cc0cc) Importer(815301076,1909f56bfc062723c751e8b465ee728b)
Start importing Assets/Bow and Arrow Model.blend using Guid(f07314f739673446587f30d3f56cc0cc) Importer(815301076,1909f56bfc062723c751e8b465ee728b)  -> (artifact id: '33fc4b4f839d774b2e7161e1e4a0f7d5') in 1.618316 seconds
Number of updated asset objects reloaded before import = 0
Number of asset objects unloaded after import = 21
========================================================================
Received Prepare
Begin MonoManager ReloadAssembly
- Loaded All Assemblies, in  0.945 seconds
Refreshing native plugins compatible for Editor in 1.62 ms, found 3 plugins.
Native extension for OSXStandalone target not found
Native extension for WebGL target not found
Mono: successfully reloaded assembly
- Finished resetting the current domain, in  1.568 seconds
Domain Reload Profiling: 2514ms
	BeginReloadAssembly (206ms)
		ExecutionOrderSort (0ms)
		DisableScriptedObjects (8ms)
		BackupInstance (0ms)
		ReleaseScriptingObjects (0ms)
		CreateAndSetChildDomain (76ms)
	RebuildCommonClasses (74ms)
	RebuildNativeTypeToScriptingClass (23ms)
	initialDomainReloadingComplete (44ms)
	LoadAllAssembliesAndSetupDomain (596ms)
		LoadAssemblies (245ms)
		RebuildTransferFunctionScriptingTraits (0ms)
		AnalyzeDomain (434ms)
			TypeCache.Refresh (427ms)
				TypeCache.ScanAssembly (415ms)
			ScanForSourceGeneratedMonoScriptInfo (0ms)
			ResolveRequiredComponents (7ms)
	FinalizeReload (1570ms)
		ReleaseScriptCaches (0ms)
		RebuildScriptCaches (0ms)
		SetupLoadedEditorAssemblies (1129ms)
			LogAssemblyErrors (0ms)
			InitializePlatformSupportModulesInManaged (35ms)
			SetLoadedEditorAssemblies (10ms)
			RefreshPlugins (0ms)
			BeforeProcessingInitializeOnLoad (68ms)
			ProcessInitializeOnLoadAttributes (792ms)
			ProcessInitializeOnLoadMethodAttributes (202ms)
			AfterProcessingInitializeOnLoad (21ms)
			EditorAssembliesLoaded (0ms)
		ExecutionOrderSort2 (0ms)
		AwakeInstancesAfterBackupRestoration (33ms)
Failed to load shader (instanceID 442, GUID 67f9497810829eb4791ec19e95781e51)
Failed to load shader (instanceID 444, GUID f997a3dc9254c44459323cced085150c)
Failed to load shader (instanceID 406, GUID e8ce9961912f3214586fe8709b9012c1)
Failed to load shader (instanceID 424, GUID 382151503e2a43a4ebb7366d1632731d)
Failed to load shader (instanceID 430, GUID f7ea35cfb33fcad4ab8f2429ec103bef)
Failed to load shader (instanceID 440, GUID d7640629310e79646af0f46eb55ae466)
Failed to load shader (instanceID 432, GUID 3020ac7ece79a7f4eb789a236f8bd6c5)
Failed to load shader (instanceID 464, GUID 5bb6ef6f3e1b20348b4fdb01e4c404e2)
Failed to load shader (instanceID 450, GUID 9700ad97272d0dc4587c6882edb94130)
Failed to load shader (instanceID 446, GUID fe144c7e314047f4bb779d555c5405ac)
Failed to load shader (instanceID 470, GUID 9c442dc870b456e48b615cd8add0e9ef)
Failed to load shader (instanceID 422, GUID 34a819c9e33402547a81619693adc8d5)
Failed to load shader (instanceID 468, GUID 0a97d971fb4e03f41b27d50d0e59b7a5)
Failed to load shader (instanceID 412, GUID f75014305794b3948a3c6d5ccd550e05)
Failed to load shader (instanceID 404, GUID 02d2da9bc88d25c4d878c1ed4e0b3854)
Failed to load shader (instanceID 454, GUID 47076bc6b042d8845afcc738ee629c80)
Failed to load shader (instanceID 436, GUID b958ad1c92bd3d64c9e61318b8681dab)
Failed to load shader (instanceID 460, GUID e4e5d566a8aa9914c906555a6857fcb9)
Failed to load shader (instanceID 428, GUID b34a29e523cb9d545881e193a079f2df)
Failed to load shader (instanceID 426, GUID 7ad194cbe7d006f4bace915156972026)
Failed to load shader (instanceID 414, GUID 0d8afcb51cc9f0349a6d190da929b838)
Failed to load shader (instanceID 452, GUID bf797226bad40c94c8fa7156bd431165)
Failed to load shader (instanceID 416, GUID 2c459b89a7c8b1a4fbefe0d81341651c)
Failed to load shader (instanceID 410, GUID 0ef78d24e85a44f4da9d5b5eaa00e50b)
Failed to load shader (instanceID 408, GUID 5ab0816423f0dfe45841cab3b05ec9ef)
Failed to load shader (instanceID 462, GUID 2b42744b37cbc484fa70d7767d36747d)
Failed to load shader (instanceID 400, GUID cdbdb71de5f9c454b980f6d0e87f0afb)
Failed to load shader (instanceID 456, GUID 27b3c3eacdc894cc1bb7c498c451d9ef)
Failed to load shader (instanceID 402, GUID 4bf4cff0d0bac3d43894e2e8839feb40)
Failed to load shader (instanceID 420, GUID 81af42a93ade3dd46a9b583d4eec76d6)
Failed to load shader (instanceID 434, GUID a71093f2a4fe26a40805c22739e10e4a)
Failed to load shader (instanceID 398, GUID c1e1d3119c6fd4646aea0b4b74cacc1a)
Failed to load shader (instanceID 466, GUID 1e48dcc6629339d438e7c701fa87866d)
Failed to load shader (instanceID 438, GUID 4117fce9491711c4094d33a048e36e73)
Failed to load shader (instanceID 458, GUID 24232f5f40aada14995712e173fc8bd7)
Failed to load shader (instanceID 418, GUID 51bcf79c50dc92e47ba87821b61100c3)
Failed to load shader (instanceID 448, GUID de7f3ac52268a194383c7d62c2a343c1)
Refreshing native plugins compatible for Editor in 12.21 ms, found 3 plugins.
Preloading 0 native plugins for Editor in 0.00 ms.
Unloading 10 Unused Serialized files (Serialized files now loaded: 0)
Unloading 0 unused Assets / (21.9 KB). Loaded Objects now: 581.
Memory consumption went from 158.4 MB to 158.4 MB.
Total: 16.214840 ms (FindLiveObjects: 0.186847 ms CreateObjectMapping: 0.009484 ms MarkObjects: 15.770769 ms  DeleteObjects: 0.242061 ms)

Prepare: number of updated asset objects reloaded= 0
AssetImportParameters requested are different than current active one (requested -> active):
  custom:video-decoder-webm-vp8: 9c59270c3fd7afecdb556c50c9e8de78 -> 
  custom:container-demuxer-ogg: 62fdf1f143b41e24485cea50d1cbac27 -> 
  custom:AudioImporter_EditorPlatform: 3918e3fc78b5a79bad01e8451be0beb8 -> 
  custom:video-decoder-ogg-theora: a1e56fd34408186e4bbccfd4996cb3dc -> 
  custom:framework-osx-AVFoundation: e770b220cccbd017edd2c1fefb359320 -> 
  custom:video-encoder-webm-vp8: eb34c28f22e8b96e1ab97ce403110664 -> 
  custom:audio-decoder-ogg-vorbis: bf7c407c2cedff20999df2af8eb42d56 -> 
  custom:container-demuxer-webm: 4f35f7cbe854078d1ac9338744f61a02 -> 
  custom:audio-encoder-webm-vorbis: bf7c407c2cedff20999df2af8eb42d56 -> 
  custom:container-muxer-webm: aa71ff27fc2769a1b78a27578f13a17b -> 
========================================================================
Received Import Request.
  Time since last request: 242.540985 seconds.
  path: Assets/Bow and Arrow Model.blend
  artifactKey: Guid(f07314f739673446587f30d3f56cc0cc) Importer(815301076,1909f56bfc062723c751e8b465ee728b)
Start importing Assets/Bow and Arrow Model.blend using Guid(f07314f739673446587f30d3f56cc0cc) Importer(815301076,1909f56bfc062723c751e8b465ee728b)  -> (artifact id: '50619334619b4b755e1185fc48ab9a46') in 0.270764 seconds
Number of updated asset objects reloaded before import = 0
Number of asset objects unloaded after import = 21
========================================================================
Received Prepare
Begin MonoManager ReloadAssembly
- Loaded All Assemblies, in  1.053 seconds
Refreshing native plugins compatible for Editor in 1.92 ms, found 3 plugins.
Native extension for OSXStandalone target not found
Native extension for WebGL target not found
Mono: successfully reloaded assembly
- Finished resetting the current domain, in  2.650 seconds
Domain Reload Profiling: 3706ms
	BeginReloadAssembly (207ms)
		ExecutionOrderSort (0ms)
		DisableScriptedObjects (7ms)
		BackupInstance (0ms)
		ReleaseScriptingObjects (0ms)
		CreateAndSetChildDomain (79ms)
	RebuildCommonClasses (63ms)
	RebuildNativeTypeToScriptingClass (20ms)
	initialDomainReloadingComplete (34ms)
	LoadAllAssembliesAndSetupDomain (729ms)
		LoadAssemblies (266ms)
		RebuildTransferFunctionScriptingTraits (0ms)
		AnalyzeDomain (544ms)
			TypeCache.Refresh (537ms)
				TypeCache.ScanAssembly (524ms)
			ScanForSourceGeneratedMonoScriptInfo (0ms)
			ResolveRequiredComponents (7ms)
	FinalizeReload (2653ms)
		ReleaseScriptCaches (0ms)
		RebuildScriptCaches (0ms)
		SetupLoadedEditorAssemblies (2271ms)
			LogAssemblyErrors (0ms)
			InitializePlatformSupportModulesInManaged (8ms)
			SetLoadedEditorAssemblies (4ms)
			RefreshPlugins (0ms)
			BeforeProcessingInitializeOnLoad (83ms)
			ProcessInitializeOnLoadAttributes (1999ms)
			ProcessInitializeOnLoadMethodAttributes (167ms)
			AfterProcessingInitializeOnLoad (8ms)
			EditorAssembliesLoaded (1ms)
		ExecutionOrderSort2 (0ms)
		AwakeInstancesAfterBackupRestoration (42ms)
Failed to load shader (instanceID 442, GUID 67f9497810829eb4791ec19e95781e51)
Failed to load shader (instanceID 444, GUID f997a3dc9254c44459323cced085150c)
Failed to load shader (instanceID 406, GUID e8ce9961912f3214586fe8709b9012c1)
Failed to load shader (instanceID 424, GUID 382151503e2a43a4ebb7366d1632731d)
Failed to load shader (instanceID 430, GUID f7ea35cfb33fcad4ab8f2429ec103bef)
Failed to load shader (instanceID 440, GUID d7640629310e79646af0f46eb55ae466)
Failed to load shader (instanceID 432, GUID 3020ac7ece79a7f4eb789a236f8bd6c5)
Failed to load shader (instanceID 464, GUID 5bb6ef6f3e1b20348b4fdb01e4c404e2)
Failed to load shader (instanceID 450, GUID 9700ad97272d0dc4587c6882edb94130)
Failed to load shader (instanceID 446, GUID fe144c7e314047f4bb779d555c5405ac)
Failed to load shader (instanceID 470, GUID 9c442dc870b456e48b615cd8add0e9ef)
Failed to load shader (instanceID 422, GUID 34a819c9e33402547a81619693adc8d5)
Failed to load shader (instanceID 468, GUID 0a97d971fb4e03f41b27d50d0e59b7a5)
Failed to load shader (instanceID 412, GUID f75014305794b3948a3c6d5ccd550e05)
Failed to load shader (instanceID 404, GUID 02d2da9bc88d25c4d878c1ed4e0b3854)
Failed to load shader (instanceID 454, GUID 47076bc6b042d8845afcc738ee629c80)
Failed to load shader (instanceID 436, GUID b958ad1c92bd3d64c9e61318b8681dab)
Failed to load shader (instanceID 460, GUID e4e5d566a8aa9914c906555a6857fcb9)
Failed to load shader (instanceID 428, GUID b34a29e523cb9d545881e193a079f2df)
Failed to load shader (instanceID 426, GUID 7ad194cbe7d006f4bace915156972026)
Failed to load shader (instanceID 414, GUID 0d8afcb51cc9f0349a6d190da929b838)
Failed to load shader (instanceID 452, GUID bf797226bad40c94c8fa7156bd431165)
Failed to load shader (instanceID 416, GUID 2c459b89a7c8b1a4fbefe0d81341651c)
Failed to load shader (instanceID 410, GUID 0ef78d24e85a44f4da9d5b5eaa00e50b)
Failed to load shader (instanceID 408, GUID 5ab0816423f0dfe45841cab3b05ec9ef)
Failed to load shader (instanceID 462, GUID 2b42744b37cbc484fa70d7767d36747d)
Failed to load shader (instanceID 400, GUID cdbdb71de5f9c454b980f6d0e87f0afb)
Failed to load shader (instanceID 456, GUID 27b3c3eacdc894cc1bb7c498c451d9ef)
Failed to load shader (instanceID 402, GUID 4bf4cff0d0bac3d43894e2e8839feb40)
Failed to load shader (instanceID 420, GUID 81af42a93ade3dd46a9b583d4eec76d6)
Failed to load shader (instanceID 434, GUID a71093f2a4fe26a40805c22739e10e4a)
Failed to load shader (instanceID 398, GUID c1e1d3119c6fd4646aea0b4b74cacc1a)
Failed to load shader (instanceID 466, GUID 1e48dcc6629339d438e7c701fa87866d)
Failed to load shader (instanceID 438, GUID 4117fce9491711c4094d33a048e36e73)
Failed to load shader (instanceID 458, GUID 24232f5f40aada14995712e173fc8bd7)
Failed to load shader (instanceID 418, GUID 51bcf79c50dc92e47ba87821b61100c3)
Failed to load shader (instanceID 448, GUID de7f3ac52268a194383c7d62c2a343c1)
Refreshing native plugins compatible for Editor in 9.60 ms, found 3 plugins.
Preloading 0 native plugins for Editor in 0.00 ms.
Unloading 10 Unused Serialized files (Serialized files now loaded: 0)
Unloading 0 unused Assets / (21.9 KB). Loaded Objects now: 596.
Memory consumption went from 158.7 MB to 158.6 MB.
Total: 13.948006 ms (FindLiveObjects: 0.124655 ms CreateObjectMapping: 0.011240 ms MarkObjects: 13.791165 ms  DeleteObjects: 0.018593 ms)

Prepare: number of updated asset objects reloaded= 0
AssetImportParameters requested are different than current active one (requested -> active):
  custom:video-decoder-webm-vp8: 9c59270c3fd7afecdb556c50c9e8de78 -> 
  custom:container-demuxer-ogg: 62fdf1f143b41e24485cea50d1cbac27 -> 
  custom:AudioImporter_EditorPlatform: 3918e3fc78b5a79bad01e8451be0beb8 -> 
  custom:video-decoder-ogg-theora: a1e56fd34408186e4bbccfd4996cb3dc -> 
  custom:framework-osx-AVFoundation: e770b220cccbd017edd2c1fefb359320 -> 
  custom:video-encoder-webm-vp8: eb34c28f22e8b96e1ab97ce403110664 -> 
  custom:audio-decoder-ogg-vorbis: bf7c407c2cedff20999df2af8eb42d56 -> 
  custom:container-demuxer-webm: 4f35f7cbe854078d1ac9338744f61a02 -> 
  custom:audio-encoder-webm-vorbis: bf7c407c2cedff20999df2af8eb42d56 -> 
  custom:container-muxer-webm: aa71ff27fc2769a1b78a27578f13a17b -> 
========================================================================
Received Prepare
Begin MonoManager ReloadAssembly
- Loaded All Assemblies, in  0.910 seconds
Refreshing native plugins compatible for Editor in 2.63 ms, found 3 plugins.
Native extension for OSXStandalone target not found
Native extension for WebGL target not found
Mono: successfully reloaded assembly
- Finished resetting the current domain, in  2.286 seconds
Domain Reload Profiling: 3198ms
	BeginReloadAssembly (201ms)
		ExecutionOrderSort (0ms)
		DisableScriptedObjects (9ms)
		BackupInstance (0ms)
		ReleaseScriptingObjects (0ms)
		CreateAndSetChildDomain (76ms)
	RebuildCommonClasses (72ms)
	RebuildNativeTypeToScriptingClass (20ms)
	initialDomainReloadingComplete (37ms)
	LoadAllAssembliesAndSetupDomain (580ms)
		LoadAssemblies (244ms)
		RebuildTransferFunctionScriptingTraits (0ms)
		AnalyzeDomain (413ms)
			TypeCache.Refresh (406ms)
				TypeCache.ScanAssembly (392ms)
			ScanForSourceGeneratedMonoScriptInfo (0ms)
			ResolveRequiredComponents (8ms)
	FinalizeReload (2287ms)
		ReleaseScriptCaches (0ms)
		RebuildScriptCaches (0ms)
		SetupLoadedEditorAssemblies (1890ms)
			LogAssemblyErrors (0ms)
			InitializePlatformSupportModulesInManaged (7ms)
			SetLoadedEditorAssemblies (4ms)
			RefreshPlugins (0ms)
			BeforeProcessingInitializeOnLoad (53ms)
			ProcessInitializeOnLoadAttributes (1627ms)
			ProcessInitializeOnLoadMethodAttributes (175ms)
			AfterProcessingInitializeOnLoad (24ms)
			EditorAssembliesLoaded (0ms)
		ExecutionOrderSort2 (0ms)
		AwakeInstancesAfterBackupRestoration (28ms)
Failed to load shader (instanceID 442, GUID 67f9497810829eb4791ec19e95781e51)
Failed to load shader (instanceID 444, GUID f997a3dc9254c44459323cced085150c)
Failed to load shader (instanceID 406, GUID e8ce9961912f3214586fe8709b9012c1)
Failed to load shader (instanceID 424, GUID 382151503e2a43a4ebb7366d1632731d)
Failed to load shader (instanceID 430, GUID f7ea35cfb33fcad4ab8f2429ec103bef)
Failed to load shader (instanceID 440, GUID d7640629310e79646af0f46eb55ae466)
Failed to load shader (instanceID 432, GUID 3020ac7ece79a7f4eb789a236f8bd6c5)
Failed to load shader (instanceID 464, GUID 5bb6ef6f3e1b20348b4fdb01e4c404e2)
Failed to load shader (instanceID 450, GUID 9700ad97272d0dc4587c6882edb94130)
Failed to load shader (instanceID 446, GUID fe144c7e314047f4bb779d555c5405ac)
Failed to load shader (instanceID 470, GUID 9c442dc870b456e48b615cd8add0e9ef)
Failed to load shader (instanceID 422, GUID 34a819c9e33402547a81619693adc8d5)
Failed to load shader (instanceID 468, GUID 0a97d971fb4e03f41b27d50d0e59b7a5)
Failed to load shader (instanceID 412, GUID f75014305794b3948a3c6d5ccd550e05)
Failed to load shader (instanceID 404, GUID 02d2da9bc88d25c4d878c1ed4e0b3854)
Failed to load shader (instanceID 454, GUID 47076bc6b042d8845afcc738ee629c80)
Failed to load shader (instanceID 436, GUID b958ad1c92bd3d64c9e61318b8681dab)
Failed to load shader (instanceID 460, GUID e4e5d566a8aa9914c906555a6857fcb9)
Failed to load shader (instanceID 428, GUID b34a29e523cb9d545881e193a079f2df)
Failed to load shader (instanceID 426, GUID 7ad194cbe7d006f4bace915156972026)
Failed to load shader (instanceID 414, GUID 0d8afcb51cc9f0349a6d190da929b838)
Failed to load shader (instanceID 452, GUID bf797226bad40c94c8fa7156bd431165)
Failed to load shader (instanceID 416, GUID 2c459b89a7c8b1a4fbefe0d81341651c)
Failed to load shader (instanceID 410, GUID 0ef78d24e85a44f4da9d5b5eaa00e50b)
Failed to load shader (instanceID 408, GUID 5ab0816423f0dfe45841cab3b05ec9ef)
Failed to load shader (instanceID 462, GUID 2b42744b37cbc484fa70d7767d36747d)
Failed to load shader (instanceID 400, GUID cdbdb71de5f9c454b980f6d0e87f0afb)
Failed to load shader (instanceID 456, GUID 27b3c3eacdc894cc1bb7c498c451d9ef)
Failed to load shader (instanceID 402, GUID 4bf4cff0d0bac3d43894e2e8839feb40)
Failed to load shader (instanceID 420, GUID 81af42a93ade3dd46a9b583d4eec76d6)
Failed to load shader (instanceID 434, GUID a71093f2a4fe26a40805c22739e10e4a)
Failed to load shader (instanceID 398, GUID c1e1d3119c6fd4646aea0b4b74cacc1a)
Failed to load shader (instanceID 466, GUID 1e48dcc6629339d438e7c701fa87866d)
Failed to load shader (instanceID 438, GUID 4117fce9491711c4094d33a048e36e73)
Failed to load shader (instanceID 458, GUID 24232f5f40aada14995712e173fc8bd7)
Failed to load shader (instanceID 418, GUID 51bcf79c50dc92e47ba87821b61100c3)
Failed to load shader (instanceID 448, GUID de7f3ac52268a194383c7d62c2a343c1)
Refreshing native plugins compatible for Editor in 1.68 ms, found 3 plugins.
Preloading 0 native plugins for Editor in 0.00 ms.
Unloading 10 Unused Serialized files (Serialized files now loaded: 0)
Unloading 0 unused Assets / (21.9 KB). Loaded Objects now: 611.
Memory consumption went from 158.9 MB to 158.9 MB.
Total: 3.877464 ms (FindLiveObjects: 0.057199 ms CreateObjectMapping: 0.004306 ms MarkObjects: 3.800428 ms  DeleteObjects: 0.014412 ms)

Prepare: number of updated asset objects reloaded= 0
AssetImportParameters requested are different than current active one (requested -> active):
  custom:video-decoder-webm-vp8: 9c59270c3fd7afecdb556c50c9e8de78 -> 
  custom:container-demuxer-ogg: 62fdf1f143b41e24485cea50d1cbac27 -> 
  custom:AudioImporter_EditorPlatform: 3918e3fc78b5a79bad01e8451be0beb8 -> 
  custom:video-decoder-ogg-theora: a1e56fd34408186e4bbccfd4996cb3dc -> 
  custom:framework-osx-AVFoundation: e770b220cccbd017edd2c1fefb359320 -> 
  custom:video-encoder-webm-vp8: eb34c28f22e8b96e1ab97ce403110664 -> 
  custom:audio-decoder-ogg-vorbis: bf7c407c2cedff20999df2af8eb42d56 -> 
  custom:container-demuxer-webm: 4f35f7cbe854078d1ac9338744f61a02 -> 
  custom:audio-encoder-webm-vorbis: bf7c407c2cedff20999df2af8eb42d56 -> 
  custom:container-muxer-webm: aa71ff27fc2769a1b78a27578f13a17b -> 
========================================================================
Received Prepare
Begin MonoManager ReloadAssembly
- Loaded All Assemblies, in  0.867 seconds
Refreshing native plugins compatible for Editor in 2.35 ms, found 3 plugins.
Native extension for OSXStandalone target not found
Native extension for WebGL target not found
Mono: successfully reloaded assembly
- Finished resetting the current domain, in  1.715 seconds
Domain Reload Profiling: 2586ms
	BeginReloadAssembly (200ms)
		ExecutionOrderSort (0ms)
		DisableScriptedObjects (10ms)
		BackupInstance (0ms)
		ReleaseScriptingObjects (0ms)
		CreateAndSetChildDomain (73ms)
	RebuildCommonClasses (68ms)
	RebuildNativeTypeToScriptingClass (23ms)
	initialDomainReloadingComplete (37ms)
	LoadAllAssembliesAndSetupDomain (539ms)
		LoadAssemblies (233ms)
		RebuildTransferFunctionScriptingTraits (0ms)
		AnalyzeDomain (386ms)
			TypeCache.Refresh (379ms)
				TypeCache.ScanAssembly (367ms)
			ScanForSourceGeneratedMonoScriptInfo (0ms)
			ResolveRequiredComponents (7ms)
	FinalizeReload (1720ms)
		ReleaseScriptCaches (0ms)
		RebuildScriptCaches (0ms)
		SetupLoadedEditorAssemblies (1307ms)
			LogAssemblyErrors (0ms)
			InitializePlatformSupportModulesInManaged (9ms)
			SetLoadedEditorAssemblies (6ms)
			RefreshPlugins (0ms)
			BeforeProcessingInitializeOnLoad (55ms)
			ProcessInitializeOnLoadAttributes (1027ms)
			ProcessInitializeOnLoadMethodAttributes (164ms)
			AfterProcessingInitializeOnLoad (45ms)
			EditorAssembliesLoaded (1ms)
		ExecutionOrderSort2 (0ms)
		AwakeInstancesAfterBackupRestoration (16ms)
Failed to load shader (instanceID 442, GUID 67f9497810829eb4791ec19e95781e51)
Failed to load shader (instanceID 444, GUID f997a3dc9254c44459323cced085150c)
Failed to load shader (instanceID 406, GUID e8ce9961912f3214586fe8709b9012c1)
Failed to load shader (instanceID 424, GUID 382151503e2a43a4ebb7366d1632731d)
Failed to load shader (instanceID 430, GUID f7ea35cfb33fcad4ab8f2429ec103bef)
Failed to load shader (instanceID 440, GUID d7640629310e79646af0f46eb55ae466)
Failed to load shader (instanceID 432, GUID 3020ac7ece79a7f4eb789a236f8bd6c5)
Failed to load shader (instanceID 464, GUID 5bb6ef6f3e1b20348b4fdb01e4c404e2)
Failed to load shader (instanceID 450, GUID 9700ad97272d0dc4587c6882edb94130)
Failed to load shader (instanceID 446, GUID fe144c7e314047f4bb779d555c5405ac)
Failed to load shader (instanceID 470, GUID 9c442dc870b456e48b615cd8add0e9ef)
Failed to load shader (instanceID 422, GUID 34a819c9e33402547a81619693adc8d5)
Failed to load shader (instanceID 468, GUID 0a97d971fb4e03f41b27d50d0e59b7a5)
Failed to load shader (instanceID 412, GUID f75014305794b3948a3c6d5ccd550e05)
Failed to load shader (instanceID 404, GUID 02d2da9bc88d25c4d878c1ed4e0b3854)
Failed to load shader (instanceID 454, GUID 47076bc6b042d8845afcc738ee629c80)
Failed to load shader (instanceID 436, GUID b958ad1c92bd3d64c9e61318b8681dab)
Failed to load shader (instanceID 460, GUID e4e5d566a8aa9914c906555a6857fcb9)
Failed to load shader (instanceID 428, GUID b34a29e523cb9d545881e193a079f2df)
Failed to load shader (instanceID 426, GUID 7ad194cbe7d006f4bace915156972026)
Failed to load shader (instanceID 414, GUID 0d8afcb51cc9f0349a6d190da929b838)
Failed to load shader (instanceID 452, GUID bf797226bad40c94c8fa7156bd431165)
Failed to load shader (instanceID 416, GUID 2c459b89a7c8b1a4fbefe0d81341651c)
Failed to load shader (instanceID 410, GUID 0ef78d24e85a44f4da9d5b5eaa00e50b)
Failed to load shader (instanceID 408, GUID 5ab0816423f0dfe45841cab3b05ec9ef)
Failed to load shader (instanceID 462, GUID 2b42744b37cbc484fa70d7767d36747d)
Failed to load shader (instanceID 400, GUID cdbdb71de5f9c454b980f6d0e87f0afb)
Failed to load shader (instanceID 456, GUID 27b3c3eacdc894cc1bb7c498c451d9ef)
Failed to load shader (instanceID 402, GUID 4bf4cff0d0bac3d43894e2e8839feb40)
Failed to load shader (instanceID 420, GUID 81af42a93ade3dd46a9b583d4eec76d6)
Failed to load shader (instanceID 434, GUID a71093f2a4fe26a40805c22739e10e4a)
Failed to load shader (instanceID 398, GUID c1e1d3119c6fd4646aea0b4b74cacc1a)
Failed to load shader (instanceID 466, GUID 1e48dcc6629339d438e7c701fa87866d)
Failed to load shader (instanceID 438, GUID 4117fce9491711c4094d33a048e36e73)
Failed to load shader (instanceID 458, GUID 24232f5f40aada14995712e173fc8bd7)
Failed to load shader (instanceID 418, GUID 51bcf79c50dc92e47ba87821b61100c3)
Failed to load shader (instanceID 448, GUID de7f3ac52268a194383c7d62c2a343c1)
Refreshing native plugins compatible for Editor in 12.74 ms, found 3 plugins.
Preloading 0 native plugins for Editor in 0.00 ms.
Unloading 10 Unused Serialized files (Serialized files now loaded: 0)
Unloading 0 unused Assets / (21.9 KB). Loaded Objects now: 626.
Memory consumption went from 159.1 MB to 159.1 MB.
Total: 11.170202 ms (FindLiveObjects: 0.214746 ms CreateObjectMapping: 0.018330 ms MarkObjects: 10.906467 ms  DeleteObjects: 0.023111 ms)

Prepare: number of updated asset objects reloaded= 0
AssetImportParameters requested are different than current active one (requested -> active):
  custom:video-decoder-webm-vp8: 9c59270c3fd7afecdb556c50c9e8de78 -> 
  custom:container-demuxer-ogg: 62fdf1f143b41e24485cea50d1cbac27 -> 
  custom:AudioImporter_EditorPlatform: 3918e3fc78b5a79bad01e8451be0beb8 -> 
  custom:video-decoder-ogg-theora: a1e56fd34408186e4bbccfd4996cb3dc -> 
  custom:framework-osx-AVFoundation: e770b220cccbd017edd2c1fefb359320 -> 
  custom:video-encoder-webm-vp8: eb34c28f22e8b96e1ab97ce403110664 -> 
  custom:audio-decoder-ogg-vorbis: bf7c407c2cedff20999df2af8eb42d56 -> 
  custom:container-demuxer-webm: 4f35f7cbe854078d1ac9338744f61a02 -> 
  custom:audio-encoder-webm-vorbis: bf7c407c2cedff20999df2af8eb42d56 -> 
  custom:container-muxer-webm: aa71ff27fc2769a1b78a27578f13a17b -> 
========================================================================
Received Prepare
Begin MonoManager ReloadAssembly
- Loaded All Assemblies, in  1.220 seconds
Refreshing native plugins compatible for Editor in 1.58 ms, found 3 plugins.
Native extension for OSXStandalone target not found
Native extension for WebGL target not found
Mono: successfully reloaded assembly
- Finished resetting the current domain, in  2.341 seconds
Domain Reload Profiling: 3562ms
	BeginReloadAssembly (210ms)
		ExecutionOrderSort (0ms)
		DisableScriptedObjects (8ms)
		BackupInstance (0ms)
		ReleaseScriptingObjects (0ms)
		CreateAndSetChildDomain (81ms)
	RebuildCommonClasses (73ms)
	RebuildNativeTypeToScriptingClass (34ms)
	initialDomainReloadingComplete (36ms)
	LoadAllAssembliesAndSetupDomain (866ms)
		LoadAssemblies (272ms)
		RebuildTransferFunctionScriptingTraits (0ms)
		AnalyzeDomain (675ms)
			TypeCache.Refresh (669ms)
				TypeCache.ScanAssembly (657ms)
			ScanForSourceGeneratedMonoScriptInfo (0ms)
			ResolveRequiredComponents (6ms)
	FinalizeReload (2342ms)
		ReleaseScriptCaches (0ms)
		RebuildScriptCaches (0ms)
		SetupLoadedEditorAssemblies (2089ms)
			LogAssemblyErrors (0ms)
			InitializePlatformSupportModulesInManaged (11ms)
			SetLoadedEditorAssemblies (4ms)
			RefreshPlugins (0ms)
			BeforeProcessingInitializeOnLoad (174ms)
			ProcessInitializeOnLoadAttributes (1783ms)
			ProcessInitializeOnLoadMethodAttributes (114ms)
			AfterProcessingInitializeOnLoad (2ms)
			EditorAssembliesLoaded (0ms)
		ExecutionOrderSort2 (0ms)
		AwakeInstancesAfterBackupRestoration (19ms)
Failed to load shader (instanceID 442, GUID 67f9497810829eb4791ec19e95781e51)
Failed to load shader (instanceID 444, GUID f997a3dc9254c44459323cced085150c)
Failed to load shader (instanceID 406, GUID e8ce9961912f3214586fe8709b9012c1)
Failed to load shader (instanceID 424, GUID 382151503e2a43a4ebb7366d1632731d)
Failed to load shader (instanceID 430, GUID f7ea35cfb33fcad4ab8f2429ec103bef)
Failed to load shader (instanceID 440, GUID d7640629310e79646af0f46eb55ae466)
Failed to load shader (instanceID 432, GUID 3020ac7ece79a7f4eb789a236f8bd6c5)
Failed to load shader (instanceID 464, GUID 5bb6ef6f3e1b20348b4fdb01e4c404e2)
Failed to load shader (instanceID 450, GUID 9700ad97272d0dc4587c6882edb94130)
Failed to load shader (instanceID 446, GUID fe144c7e314047f4bb779d555c5405ac)
Failed to load shader (instanceID 470, GUID 9c442dc870b456e48b615cd8add0e9ef)
Failed to load shader (instanceID 422, GUID 34a819c9e33402547a81619693adc8d5)
Failed to load shader (instanceID 468, GUID 0a97d971fb4e03f41b27d50d0e59b7a5)
Failed to load shader (instanceID 412, GUID f75014305794b3948a3c6d5ccd550e05)
Failed to load shader (instanceID 404, GUID 02d2da9bc88d25c4d878c1ed4e0b3854)
Failed to load shader (instanceID 454, GUID 47076bc6b042d8845afcc738ee629c80)
Failed to load shader (instanceID 436, GUID b958ad1c92bd3d64c9e61318b8681dab)
Failed to load shader (instanceID 460, GUID e4e5d566a8aa9914c906555a6857fcb9)
Failed to load shader (instanceID 428, GUID b34a29e523cb9d545881e193a079f2df)
Failed to load shader (instanceID 426, GUID 7ad194cbe7d006f4bace915156972026)
Failed to load shader (instanceID 414, GUID 0d8afcb51cc9f0349a6d190da929b838)
Failed to load shader (instanceID 452, GUID bf797226bad40c94c8fa7156bd431165)
Failed to load shader (instanceID 416, GUID 2c459b89a7c8b1a4fbefe0d81341651c)
Failed to load shader (instanceID 410, GUID 0ef78d24e85a44f4da9d5b5eaa00e50b)
Failed to load shader (instanceID 408, GUID 5ab0816423f0dfe45841cab3b05ec9ef)
Failed to load shader (instanceID 462, GUID 2b42744b37cbc484fa70d7767d36747d)
Failed to load shader (instanceID 400, GUID cdbdb71de5f9c454b980f6d0e87f0afb)
Failed to load shader (instanceID 456, GUID 27b3c3eacdc894cc1bb7c498c451d9ef)
Failed to load shader (instanceID 402, GUID 4bf4cff0d0bac3d43894e2e8839feb40)
Failed to load shader (instanceID 420, GUID 81af42a93ade3dd46a9b583d4eec76d6)
Failed to load shader (instanceID 434, GUID a71093f2a4fe26a40805c22739e10e4a)
Failed to load shader (instanceID 398, GUID c1e1d3119c6fd4646aea0b4b74cacc1a)
Failed to load shader (instanceID 466, GUID 1e48dcc6629339d438e7c701fa87866d)
Failed to load shader (instanceID 438, GUID 4117fce9491711c4094d33a048e36e73)
Failed to load shader (instanceID 458, GUID 24232f5f40aada14995712e173fc8bd7)
Failed to load shader (instanceID 418, GUID 51bcf79c50dc92e47ba87821b61100c3)
Failed to load shader (instanceID 448, GUID de7f3ac52268a194383c7d62c2a343c1)
Refreshing native plugins compatible for Editor in 6.13 ms, found 3 plugins.
Preloading 0 native plugins for Editor in 0.00 ms.
Unloading 10 Unused Serialized files (Serialized files now loaded: 0)
Unloading 0 unused Assets / (21.9 KB). Loaded Objects now: 641.
Memory consumption went from 159.3 MB to 159.3 MB.
Total: 12.785776 ms (FindLiveObjects: 0.116967 ms CreateObjectMapping: 0.007993 ms MarkObjects: 12.612050 ms  DeleteObjects: 0.043898 ms)

Prepare: number of updated asset objects reloaded= 0
AssetImportParameters requested are different than current active one (requested -> active):
  custom:video-decoder-webm-vp8: 9c59270c3fd7afecdb556c50c9e8de78 -> 
  custom:container-demuxer-ogg: 62fdf1f143b41e24485cea50d1cbac27 -> 
  custom:AudioImporter_EditorPlatform: 3918e3fc78b5a79bad01e8451be0beb8 -> 
  custom:video-decoder-ogg-theora: a1e56fd34408186e4bbccfd4996cb3dc -> 
  custom:framework-osx-AVFoundation: e770b220cccbd017edd2c1fefb359320 -> 
  custom:video-encoder-webm-vp8: eb34c28f22e8b96e1ab97ce403110664 -> 
  custom:audio-decoder-ogg-vorbis: bf7c407c2cedff20999df2af8eb42d56 -> 
  custom:container-demuxer-webm: 4f35f7cbe854078d1ac9338744f61a02 -> 
  custom:audio-encoder-webm-vorbis: bf7c407c2cedff20999df2af8eb42d56 -> 
  custom:container-muxer-webm: aa71ff27fc2769a1b78a27578f13a17b -> 
